<?xml version="1.0" encoding="UTF-8"?>
  <testsuite name="Nodeletd Suite" tests="28" failures="0" errors="0" time="0.027">
      <testcase name="Nodeletd Tests Is checking status fails and threshold is not reached" classname="Nodeletd Suite" time="0.001393075"></testcase>
      <testcase name="Nodeletd Tests Should fail to execute start of the 2nd phase [array index 1] while starting kube" classname="Nodeletd Suite" time="0.000547281"></testcase>
      <testcase name="Nodeletd Tests Should fail to execute start of first phase while starting kube" classname="Nodeletd Suite" time="0.000338647"></testcase>
      <testcase name="Nodeletd Tests Is testing CreateNodeletFromConfig" classname="Nodeletd Suite" time="0.000588888"></testcase>
      <testcase name="Nodeletd Tests Should fail the stop of first phase in stop kube but continue as force is set" classname="Nodeletd Suite" time="0.000393172"></testcase>
      <testcase name="Nodeletd Tests Is testing handleExpectedServiceState with expected state as True" classname="Nodeletd Suite" time="0.00044451"></testcase>
      <testcase name="Nodeletd Tests Should fail the stop of first phase in stop kube" classname="Nodeletd Suite" time="0.000276036"></testcase>
      <testcase name="Nodeletd Tests Is testing handleServiceStartState when service it NOT running" classname="Nodeletd Suite" time="0.001078124"></testcase>
      <testcase name="Nodeletd Tests Is testing handleServiceStartState when service fails to start on 9th attempt" classname="Nodeletd Suite" time="0.00164381"></testcase>
      <testcase name="Nodeletd Tests Should successfully start kube" classname="Nodeletd Suite" time="0.000955319"></testcase>
      <testcase name="Nodeletd Tests Is testing handleServiceStopState when service is running" classname="Nodeletd Suite" time="0.000508968"></testcase>
      <testcase name="Nodeletd Tests Is testing handleServiceStartState when service running with wrong config" classname="Nodeletd Suite" time="0.001021259"></testcase>
      <testcase name="Nodeletd Tests Should stop kube service chain partially" classname="Nodeletd Suite" time="0.000244932"></testcase>
      <testcase name="Nodeletd Tests Is testing handleServiceStartState when service is running" classname="Nodeletd Suite" time="0.00048618"></testcase>
      <testcase name="Nodeletd Tests validates that 0th phase is not invoked on a full restart triggered by 9 failed partial restarts" classname="Nodeletd Suite" time="0.001689345"></testcase>
      <testcase name="Nodeletd Tests Is checking kube service status when status check fails for middle phase" classname="Nodeletd Suite" time="0.000272372"></testcase>
      <testcase name="Nodeletd Tests Should fail the stop of last phase in stop kube" classname="Nodeletd Suite" time="0.000292171"></testcase>
      <testcase name="Nodeletd Tests Should stop entire chain of kube service" classname="Nodeletd Suite" time="0.004613184"></testcase>
      <testcase name="Nodeletd Tests Is testing handleExpectedServiceState with expected state as False" classname="Nodeletd Suite" time="0.000369578"></testcase>
      <testcase name="Nodeletd Tests Is checking status of kube service when it is NOT running" classname="Nodeletd Suite" time="0.000312971"></testcase>
      <testcase name="Nodeletd Tests Is checking kube service status when preceeding start failed at phase at array index 1" classname="Nodeletd Suite" time="0.000188462"></testcase>
      <testcase name="Nodeletd Tests Is testing handleServiceStartState when service fails to start on first attempt" classname="Nodeletd Suite" time="0.00146452"></testcase>
      <testcase name="Nodeletd Tests Is checking status of kube service when status check fails for first phase" classname="Nodeletd Suite" time="0.000267414"></testcase>
      <testcase name="Nodeletd Tests Is testing handleServiceStopState when service is already stopped" classname="Nodeletd Suite" time="0.000102416"></testcase>
      <testcase name="Nodeletd Tests Should stop entire chain of kube service with force set" classname="Nodeletd Suite" time="0.000262112"></testcase>
      <testcase name="Nodeletd Tests Is checking status of kube service when it is running" classname="Nodeletd Suite" time="0.000324032"></testcase>
      <testcase name="Nodeletd Tests Is testing handleExpectedServiceState called with unexpected service state" classname="Nodeletd Suite" time="0.000317734"></testcase>
      <testcase name="Nodeletd Tests Should start kube from phase order 20 [index 1 in phases array]" classname="Nodeletd Suite" time="0.004882762"></testcase>
  </testsuite>