<?xml version="1.0" encoding="UTF-8"?>
  <testsuite name="Phases Suite" tests="20" failures="0" errors="0" time="0.039">
      <testcase name="Test config.go Test GetConfigFromDir should successfully load a single config file" classname="Phases Suite" time="0.003582545"></testcase>
      <testcase name="Test kubeenv.go when converting a Host to a KubeEnvMap should not override fields with fields from ExtraCfg" classname="Phases Suite" time="0.001224402"></testcase>
      <testcase name="Test config.go Test GetConfigFromDir should return empty config when config dir is empty" classname="Phases Suite" time="0.000976225"></testcase>
      <testcase name="Test config.go Test IsDebug should return false for an invalid true string" classname="Phases Suite" time="3.7517e-05"></testcase>
      <testcase name="Test kubeenv.go when formatting a KubeEnvMap to an kube.env file should generate a source-able file with a single field" classname="Phases Suite" time="0.002851727"></testcase>
      <testcase name="Test kubeenv.go when converting a Host to a KubeEnvMap should convert an empty Host" classname="Phases Suite" time="0.000850777"></testcase>
      <testcase name="Test kubeenv.go when formatting a KubeEnvMap to an kube.env file should generate a source-able file regardless of the input" classname="Phases Suite" time="0.006110931"></testcase>
      <testcase name="Test kubeenv.go when converting a KubeEnvMap to a Host should generate a valid Host for an empty KubeEnvMap" classname="Phases Suite" time="0.00154983"></testcase>
      <testcase name="Test kubeenv.go when converting a Host to a KubeEnvMap should correctly map the non-empty fields of a valid Host" classname="Phases Suite" time="0.000669018"></testcase>
      <testcase name="Test config.go Test IsDebug should return true for a valid true string" classname="Phases Suite" time="5.1488e-05"></testcase>
      <testcase name="Test kubeenv.go when formatting a KubeEnvMap to a YAML file should generate a valid config.Config YAML regardless of the input" classname="Phases Suite" time="0.006471332"></testcase>
      <testcase name="Test kubeenv.go when converting a KubeEnvMap to a Nodelet Config should generate a valid config.Config for an empty HostSpec" classname="Phases Suite" time="0.001215044"></testcase>
      <testcase name="Test config.go Test IsDebug should return false for a valid false string" classname="Phases Suite" time="6.6619e-05"></testcase>
      <testcase name="Test kubeenv.go when converting a KubeEnvMap to a Host should generate a valid Host for an empty KubeEnvMap" classname="Phases Suite" time="0.001002847"></testcase>
      <testcase name="Test config.go Test IsDebug should return false for an invalid false string" classname="Phases Suite" time="5.5909e-05"></testcase>
      <testcase name="Test config.go Test GetConfigFromDir should return empty config when config dir is missing" classname="Phases Suite" time="0.000896082"></testcase>
      <testcase name="Test kubeenv.go when formatting a KubeEnvMap to an kube.env file should generate a source-able file with multi-line variables" classname="Phases Suite" time="0.002692243"></testcase>
      <testcase name="Test kubeenv.go when converting a KubeEnvMap to a Nodelet Config should generate a valid config.Config regardless of the input" classname="Phases Suite" time="0.001896577"></testcase>
      <testcase name="Test kubeenv.go when converting a Host to a KubeEnvMap should convert a fuzzed Host" classname="Phases Suite" time="0.001140723"></testcase>
      <testcase name="Test config.go Test GetConfigFromDir should successfully load multiple config files" classname="Phases Suite" time="0.002253687"></testcase>
  </testsuite>