<?xml version="1.0" encoding="UTF-8"?>
  <testsuite name="Tasks Suite" tests="11" failures="0" errors="0" time="0.01">
      <testcase name="Test extensionfile.go Is loading extension file of old format with incorrect datatype for some values" classname="Tasks Suite" time="0.003768809"></testcase>
      <testcase name="Test extensionfile.go Is writing extension file with failed check that should be cleared" classname="Tasks Suite" time="0.000268961"></testcase>
      <testcase name="Test extensionfile.go Is loading JSON extension file" classname="Tasks Suite" time="0.002139161"></testcase>
      <testcase name="Test extensionfile.go Is writing extension file with service state converging" classname="Tasks Suite" time="9.7069e-05"></testcase>
      <testcase name="Test extensionfile.go Is writing extension file with service state ok" classname="Tasks Suite" time="6.8038e-05"></testcase>
      <testcase name="Test extensionfile.go Is writing extension file with service state ok and stopped" classname="Tasks Suite" time="7.252e-05"></testcase>
      <testcase name="Test extensionfile.go Is loading extension file of old format" classname="Tasks Suite" time="0.002100415"></testcase>
      <testcase name="Test extensionfile.go Is writing extension file with failed check that should NOT be cleared" classname="Tasks Suite" time="0.000138477"></testcase>
      <testcase name="Test extensionfile.go Is writing extension file with service state retrying" classname="Tasks Suite" time="8.6516e-05"></testcase>
      <testcase name="Test extensionfile.go Is writing extension file with service state error" classname="Tasks Suite" time="0.000119977"></testcase>
      <testcase name="Test extensionfile.go Is loading non-existent extension data file" classname="Tasks Suite" time="0.000289194"></testcase>
  </testsuite>