<?xml version="1.0" encoding="UTF-8"?>
  <testsuite name="Command Suite" tests="11" failures="0" errors="0" time="5.027">
      <testcase name="Command Without Timeout With Valid Input Parameters Should accept environment variables and use them" classname="Command Suite" time="0.005508517"></testcase>
      <testcase name="Command Without Timeout With Valid Input Parameters Should read from STDERR" classname="Command Suite" time="0.001678487"></testcase>
      <testcase name="Command With Timeout With Valid Input Parameters Should honour" classname="Command Suite" time="2.4522e-05"></testcase>
      <testcase name="Command Without Timeout With Valid Input Parameters Should read from STDOUT" classname="Command Suite" time="0.001447319"></testcase>
      <testcase name="Command Without Timeout With Valid Input Parameters Should return exit status of the command" classname="Command Suite" time="0.003603568"></testcase>
      <testcase name="Command Without Timeout With Valid Input Parameters Should run without error if no args provided" classname="Command Suite" time="0.001397334"></testcase>
      <testcase name="Command Without Timeout With Invalid Input Parameters Should not create command object" classname="Command Suite" time="1.0834e-05"></testcase>
      <testcase name="Command Without Timeout With Valid Input Parameters Should not timeout if timeout is 0 seconds" classname="Command Suite" time="5.005484233"></testcase>
      <testcase name="Command Without Timeout With Valid Input Parameters Should run without error if path exists" classname="Command Suite" time="0.003564252"></testcase>
      <testcase name="Command Without Timeout With Valid Input Parameters Should read from STDOUT and STDERR" classname="Command Suite" time="0.001539946"></testcase>
      <testcase name="Command Without Timeout With Valid Input Parameters Should fail with error if path doesn&#39;t exist" classname="Command Suite" time="0.000648563"></testcase>
  </testsuite>